{"name": "test_password_validator[8-20-True-True-True-True-Password!-True]", "status": "failed", "statusDetails": {"message": "AssertionError: assert False == True", "trace": "validator = <password_validator.PasswordValidator object at 0x10699ae50>, min_length = 8, max_length = 20, require_numbers = True\nrequire_special_chars = True, require_uppercase = True, require_lowercase = True, password = 'Password!', expected = True\n\n    @pytest.mark.parametrize(\n        \"min_length,max_length,require_numbers,require_special_chars,require_uppercase,require_lowercase,password,expected\",\n        [\n            # 基本密碼驗證情況\n            (8, 20, True, True, True, True, \"Password123!\", True),  # 有效密碼\n            (8, 20, True, True, True, True, \"Pwd1!\", False),  # 密碼過短\n            (8, 20, True, True, True, True, \"P\" * 21 + \"1!\", False),  # 密碼過長\n            (8, 20, True, True, True, True, \"Password!\", False),  # 沒有數字\n            (8, 20, True, True, True, True, \"Password123\", False),  # 沒有特殊字元\n            (8, 20, True, True, True, True, \"password123!\", False),  # 沒有大寫字母\n            (8, 20, True, True, True, True, \"PASSWORD123!\", False),  # 沒有小寫字母\n            (8, 20, True, True, True, True, 12345678, False),  # 非字符串輸入\n    \n            # 預期失敗的測試情況\n            (8, 20, True, True, True, True, \"Password123\", True),  # 缺少特殊字符，預期應為 False\n            (8, 20, True, True, True, True, \"Password!\", True),  # 缺少數字，預期應為 False\n            (8, 20, True, True, True, True, \"PASSWORD123!\", True),  # 缺少小寫字母，預期應為 False\n        ]\n    )\n    @allure.step(\n        \"Validate password with min_length={min_length}, max_length={max_length}, require_numbers={require_numbers}, require_special_chars={require_special_chars}, require_uppercase={require_uppercase}, require_lowercase={require_lowercase}\")\n    def test_password_validator(validator, min_length, max_length, require_numbers, require_special_chars,\n                                require_uppercase, require_lowercase, password, expected):\n        with allure.step(\n                f\"Setting validator properties: min_length={min_length}, max_length={max_length}, require_numbers={require_numbers}, require_special_chars={require_special_chars}, require_uppercase={require_uppercase}, require_lowercase={require_lowercase}\"):\n            validator.min_length = min_length\n            validator.max_length = max_length\n            validator.require_numbers = require_numbers\n            validator.require_special_chars = require_special_chars\n            validator.require_uppercase = require_uppercase\n            validator.require_lowercase = require_lowercase\n    \n        with allure.step(f\"Validating password: {password}\"):\n            result = validator.validate(password)\n    \n        with allure.step(f\"Asserting that the result {result} equals expected {expected}\"):\n>           assert result == expected\nE           assert False == True\n\ntests/password/test_password_validator.py:47: AssertionError"}, "steps": [{"name": "Validate password with min_length=8, max_length=20, require_numbers=True, require_special_chars=True, require_uppercase=True, require_lowercase=True", "status": "failed", "statusDetails": {"message": "AssertionError: assert False == True\n", "trace": "  File \"/Users/jimwu/PycharmProjects/Automation-Testing/.venv/lib/python3.8/site-packages/allure_commons/_allure.py\", line 192, in impl\n    return func(*a, **kw)\n  File \"/Users/jimwu/PycharmProjects/Automation-Testing/tests/password/test_password_validator.py\", line 47, in test_password_validator\n    assert result == expected\n"}, "steps": [{"name": "Setting validator properties: min_length=8, max_length=20, require_numbers=True, require_special_chars=True, require_uppercase=True, require_lowercase=True", "status": "passed", "start": 1718264439644, "stop": 1718264439644}, {"name": "Validating password: Password!", "status": "passed", "start": 1718264439644, "stop": 1718264439644}, {"name": "Asserting that the result False equals expected True", "status": "failed", "statusDetails": {"message": "AssertionError: assert False == True\n", "trace": "  File \"/Users/jimwu/PycharmProjects/Automation-Testing/tests/password/test_password_validator.py\", line 47, in test_password_validator\n    assert result == expected\n"}, "start": 1718264439644, "stop": 1718264439645}], "parameters": [{"name": "validator", "value": "<password_validator.PasswordValidator object at 0x10699ae50>"}, {"name": "min_length", "value": "8"}, {"name": "max_length", "value": "20"}, {"name": "require_numbers", "value": "True"}, {"name": "require_special_chars", "value": "True"}, {"name": "require_uppercase", "value": "True"}, {"name": "require_lowercase", "value": "True"}, {"name": "password", "value": "'Password!'"}, {"name": "expected", "value": "True"}], "start": 1718264439644, "stop": 1718264439645}], "parameters": [{"name": "min_length", "value": "8"}, {"name": "max_length", "value": "20"}, {"name": "require_numbers", "value": "True"}, {"name": "require_special_chars", "value": "True"}, {"name": "require_uppercase", "value": "True"}, {"name": "require_lowercase", "value": "True"}, {"name": "password", "value": "'Password!'"}, {"name": "expected", "value": "True"}], "start": 1718264439644, "stop": 1718264439645, "uuid": "7e881e0e-447d-4bba-ac60-7b68ab457a72", "historyId": "c23f3968dec9c59c4189be4c4702659b", "testCaseId": "92f01bd98510e97bc9a97b3d23db178f", "fullName": "tests.password.test_password_validator#test_password_validator", "labels": [{"name": "parentSuite", "value": "tests.password"}, {"name": "suite", "value": "test_password_validator"}, {"name": "host", "value": "Jims-MacBook"}, {"name": "thread", "value": "52675-MainThread"}, {"name": "framework", "value": "pytest"}, {"name": "language", "value": "cpython3"}, {"name": "package", "value": "tests.password.test_password_validator"}]}